<?xml version="1.0" encoding="UTF-8"?>
<testng-results ignored="0" total="1" passed="1" failed="0" skipped="0">
  <reporter-output>
  </reporter-output>
  <suite started-at="2023-03-22T23:22:29 PDT" name="Default suite" finished-at="2023-03-22T23:22:33 PDT" duration-ms="4400">
    <groups>
      <group name="cucumber">
        <method signature="AbstractTestNGCucumberTests.runScenario(io.cucumber.testng.PickleWrapper,io.cucumber.testng.FeatureWrapper)[pri:0, instance:com.salesforce.runners.RunnerForSalesforce@5af3afd9]" name="runScenario" class="io.cucumber.testng.AbstractTestNGCucumberTests"/>
      </group> <!-- cucumber -->
    </groups>
    <test started-at="2023-03-22T23:22:29 PDT" name="Default test" finished-at="2023-03-22T23:22:33 PDT" duration-ms="4400">
      <class name="com.salesforce.runners.RunnerForSalesforce">
        <test-method is-config="true" signature="setUpClass(org.testng.ITestContext)[pri:0, instance:com.salesforce.runners.RunnerForSalesforce@5af3afd9]" started-at="2023-03-22T23:22:29 PDT" name="setUpClass" finished-at="2023-03-22T23:22:30 PDT" duration-ms="501" status="PASS">
          <params>
            <param index="0">
              <value>
                <![CDATA[org.testng.TestRunner@79a7bfbc]]>
              </value>
            </param>
          </params>
          <reporter-output>
          </reporter-output>
        </test-method> <!-- setUpClass -->
        <test-method signature="runScenario(io.cucumber.testng.PickleWrapper,io.cucumber.testng.FeatureWrapper)[pri:0, instance:com.salesforce.runners.RunnerForSalesforce@5af3afd9]" started-at="2023-03-22T23:22:30 PDT" name="runScenario" description="Runs Cucumber Scenarios" data-provider="scenarios" finished-at="2023-03-22T23:22:33 PDT" duration-ms="3813" status="PASS">
          <params>
            <param index="0">
              <value>
                <![CDATA["Login with Forgot Password"]]>
              </value>
            </param>
            <param index="1">
              <value>
                <![CDATA["Login functionality"]]>
              </value>
            </param>
          </params>
          <reporter-output>
          </reporter-output>
        </test-method> <!-- runScenario -->
        <test-method is-config="true" signature="tearDownClass()[pri:0, instance:com.salesforce.runners.RunnerForSalesforce@5af3afd9]" started-at="2023-03-22T23:22:33 PDT" name="tearDownClass" finished-at="2023-03-22T23:22:33 PDT" duration-ms="59" status="PASS">
          <reporter-output>
          </reporter-output>
        </test-method> <!-- tearDownClass -->
      </class> <!-- com.salesforce.runners.RunnerForSalesforce -->
    </test> <!-- Default test -->
  </suite> <!-- Default suite -->
</testng-results>
